[debug] [2020-05-26T09:20:44.259Z] ----------------------------------------------------------------------
[debug] [2020-05-26T09:20:44.264Z] Command:       C:\Program Files\nodejs\node.exe C:\Users\itzhr\AppData\Roaming\npm\node_modules\firebase-tools\lib\bin\firebase.js deploy
[debug] [2020-05-26T09:20:44.264Z] CLI Version:   7.13.0
[debug] [2020-05-26T09:20:44.264Z] Platform:      win32
[debug] [2020-05-26T09:20:44.264Z] Node Version:  v14.2.0
[debug] [2020-05-26T09:20:44.274Z] Time:          Tue May 26 2020 14:50:44 GMT+0530 (India Standard Time)
[debug] [2020-05-26T09:20:44.276Z] ----------------------------------------------------------------------
[debug] [2020-05-26T09:20:44.276Z] 
[debug] [2020-05-26T09:20:44.312Z] > command requires scopes: ["email","openid","https://www.googleapis.com/auth/cloudplatformprojects.readonly","https://www.googleapis.com/auth/firebase","https://www.googleapis.com/auth/cloud-platform"]
[debug] [2020-05-26T09:20:44.313Z] > authorizing via signed-in user
[debug] [2020-05-26T09:20:44.313Z] [iam] checking project pizzaritik for permissions ["firebase.projects.get","firebasehosting.sites.update"]
[debug] [2020-05-26T09:20:44.318Z] > refreshing access token with scopes: ["email","https://www.googleapis.com/auth/cloud-platform","https://www.googleapis.com/auth/cloudplatformprojects.readonly","https://www.googleapis.com/auth/firebase","openid"]
[debug] [2020-05-26T09:20:44.319Z] >>> HTTP REQUEST POST https://www.googleapis.com/oauth2/v3/token  
 <request body omitted>
[debug] [2020-05-26T09:20:44.379Z] [iam] error while checking permissions, command may fail: FirebaseError: Authentication Error: Your credentials are no longer valid. Please run firebase login --reauth

For CI servers and headless environments, generate a new token with firebase login:ci
[debug] [2020-05-26T09:20:44.381Z] > refreshing access token with scopes: ["email","https://www.googleapis.com/auth/cloud-platform","https://www.googleapis.com/auth/cloudplatformprojects.readonly","https://www.googleapis.com/auth/firebase","openid"]
[debug] [2020-05-26T09:20:44.381Z] >>> HTTP REQUEST POST https://www.googleapis.com/oauth2/v3/token  
 <request body omitted>
[debug] [2020-05-26T09:20:44.391Z] Authentication Error: Your credentials are no longer valid. Please run firebase login --reauth

For CI servers and headless environments, generate a new token with firebase login:ci
[debug] [2020-05-26T09:20:44.406Z] FirebaseError: Authentication Error: Your credentials are no longer valid. Please run firebase login --reauth

For CI servers and headless environments, generate a new token with firebase login:ci
    at Object.<anonymous> (C:\Users\itzhr\AppData\Roaming\npm\node_modules\firebase-tools\lib\auth.js:23:32)
    at Module._compile (internal/modules/cjs/loader.js:1176:30)
    at Object.Module._extensions..js (internal/modules/cjs/loader.js:1196:10)
    at Module.load (internal/modules/cjs/loader.js:1040:32)
    at Function.Module._load (internal/modules/cjs/loader.js:929:14)
    at Module.require (internal/modules/cjs/loader.js:1080:19)
    at require (internal/modules/cjs/helpers.js:72:18)
    at Object.<anonymous> (C:\Users\itzhr\AppData\Roaming\npm\node_modules\firebase-tools\lib\commands\login.js:8:12)
    at Module._compile (internal/modules/cjs/loader.js:1176:30)
    at Object.Module._extensions..js (internal/modules/cjs/loader.js:1196:10)
    at Module.load (internal/modules/cjs/loader.js:1040:32)
    at Function.Module._load (internal/modules/cjs/loader.js:929:14)
    at Module.require (internal/modules/cjs/loader.js:1080:19)
    at require (internal/modules/cjs/helpers.js:72:18)
    at loadCommand (C:\Users\itzhr\AppData\Roaming\npm\node_modules\firebase-tools\lib\commands\index.js:5:19)
    at module.exports (C:\Users\itzhr\AppData\Roaming\npm\node_modules\firebase-tools\lib\commands\index.js:73:20)
[error] 
[error] Error: Failed to get Firebase project pizzaritik. Please make sure the project exists and your account has permission to access it.
[debug] [2020-05-26T09:21:52.187Z] ----------------------------------------------------------------------
[debug] [2020-05-26T09:21:52.192Z] Command:       C:\Program Files\nodejs\node.exe C:\Users\itzhr\AppData\Roaming\npm\node_modules\firebase-tools\lib\bin\firebase.js deploy
[debug] [2020-05-26T09:21:52.193Z] CLI Version:   7.13.0
[debug] [2020-05-26T09:21:52.193Z] Platform:      win32
[debug] [2020-05-26T09:21:52.193Z] Node Version:  v14.2.0
[debug] [2020-05-26T09:21:52.195Z] Time:          Tue May 26 2020 14:51:52 GMT+0530 (India Standard Time)
[debug] [2020-05-26T09:21:52.195Z] ----------------------------------------------------------------------
[debug] [2020-05-26T09:21:52.195Z] 
[debug] [2020-05-26T09:21:52.225Z] > command requires scopes: ["email","openid","https://www.googleapis.com/auth/cloudplatformprojects.readonly","https://www.googleapis.com/auth/firebase","https://www.googleapis.com/auth/cloud-platform"]
[debug] [2020-05-26T09:21:52.226Z] > authorizing via signed-in user
[debug] [2020-05-26T09:21:52.227Z] [iam] checking project pizzaritik for permissions ["firebase.projects.get","firebasehosting.sites.update"]
[debug] [2020-05-26T09:21:52.232Z] > refreshing access token with scopes: ["email","https://www.googleapis.com/auth/cloud-platform","https://www.googleapis.com/auth/cloudplatformprojects.readonly","https://www.googleapis.com/auth/firebase","openid"]
[debug] [2020-05-26T09:21:52.232Z] >>> HTTP REQUEST POST https://www.googleapis.com/oauth2/v3/token  
 <request body omitted>
[debug] [2020-05-26T09:21:52.275Z] [iam] error while checking permissions, command may fail: FirebaseError: Authentication Error: Your credentials are no longer valid. Please run firebase login --reauth

For CI servers and headless environments, generate a new token with firebase login:ci
[debug] [2020-05-26T09:21:52.277Z] > refreshing access token with scopes: ["email","https://www.googleapis.com/auth/cloud-platform","https://www.googleapis.com/auth/cloudplatformprojects.readonly","https://www.googleapis.com/auth/firebase","openid"]
[debug] [2020-05-26T09:21:52.277Z] >>> HTTP REQUEST POST https://www.googleapis.com/oauth2/v3/token  
 <request body omitted>
[debug] [2020-05-26T09:21:52.284Z] Authentication Error: Your credentials are no longer valid. Please run firebase login --reauth

For CI servers and headless environments, generate a new token with firebase login:ci
[debug] [2020-05-26T09:21:52.297Z] FirebaseError: Authentication Error: Your credentials are no longer valid. Please run firebase login --reauth

For CI servers and headless environments, generate a new token with firebase login:ci
    at Object.<anonymous> (C:\Users\itzhr\AppData\Roaming\npm\node_modules\firebase-tools\lib\auth.js:23:32)
    at Module._compile (internal/modules/cjs/loader.js:1176:30)
    at Object.Module._extensions..js (internal/modules/cjs/loader.js:1196:10)
    at Module.load (internal/modules/cjs/loader.js:1040:32)
    at Function.Module._load (internal/modules/cjs/loader.js:929:14)
    at Module.require (internal/modules/cjs/loader.js:1080:19)
    at require (internal/modules/cjs/helpers.js:72:18)
    at Object.<anonymous> (C:\Users\itzhr\AppData\Roaming\npm\node_modules\firebase-tools\lib\commands\login.js:8:12)
    at Module._compile (internal/modules/cjs/loader.js:1176:30)
    at Object.Module._extensions..js (internal/modules/cjs/loader.js:1196:10)
    at Module.load (internal/modules/cjs/loader.js:1040:32)
    at Function.Module._load (internal/modules/cjs/loader.js:929:14)
    at Module.require (internal/modules/cjs/loader.js:1080:19)
    at require (internal/modules/cjs/helpers.js:72:18)
    at loadCommand (C:\Users\itzhr\AppData\Roaming\npm\node_modules\firebase-tools\lib\commands\index.js:5:19)
    at module.exports (C:\Users\itzhr\AppData\Roaming\npm\node_modules\firebase-tools\lib\commands\index.js:73:20)
[error] 
[error] Error: Failed to get Firebase project pizzaritik. Please make sure the project exists and your account has permission to access it.
[debug] [2020-05-26T09:22:27.555Z] ----------------------------------------------------------------------
[debug] [2020-05-26T09:22:27.559Z] Command:       C:\Program Files\nodejs\node.exe C:\Users\itzhr\AppData\Roaming\npm\node_modules\firebase-tools\lib\bin\firebase.js init
[debug] [2020-05-26T09:22:27.560Z] CLI Version:   7.13.0
[debug] [2020-05-26T09:22:27.560Z] Platform:      win32
[debug] [2020-05-26T09:22:27.560Z] Node Version:  v14.2.0
[debug] [2020-05-26T09:22:27.562Z] Time:          Tue May 26 2020 14:52:27 GMT+0530 (India Standard Time)
[debug] [2020-05-26T09:22:27.562Z] ----------------------------------------------------------------------
[debug] [2020-05-26T09:22:27.562Z] 
[debug] [2020-05-26T09:22:27.584Z] > command requires scopes: ["email","openid","https://www.googleapis.com/auth/cloudplatformprojects.readonly","https://www.googleapis.com/auth/firebase","https://www.googleapis.com/auth/cloud-platform"]
[debug] [2020-05-26T09:22:27.585Z] > authorizing via signed-in user
[info] 
     ######## #### ########  ######## ########     ###     ######  ########
     ##        ##  ##     ## ##       ##     ##  ##   ##  ##       ##
     ######    ##  ########  ######   ########  #########  ######  ######
     ##        ##  ##    ##  ##       ##     ## ##     ##       ## ##
     ##       #### ##     ## ######## ########  ##     ##  ######  ########

You're about to initialize a Firebase project in this directory:

  D:\Work\Intellemind\pizza

Before we get started, keep in mind:

  * You are initializing in an existing Firebase project directory

[info] 
=== Project Setup
[info] 
[info] First, let's associate this project directory with a Firebase project.
[info] You can create multiple project aliases by running firebase use --add, 
[info] but for now we'll just set up a default project.
[info] 
[info] i  .firebaserc already has a default project, using pizzaritik.
[debug] [2020-05-26T09:22:59.067Z] > refreshing access token with scopes: ["email","https://www.googleapis.com/auth/cloud-platform","https://www.googleapis.com/auth/cloudplatformprojects.readonly","https://www.googleapis.com/auth/firebase","openid"]
[debug] [2020-05-26T09:22:59.067Z] >>> HTTP REQUEST POST https://www.googleapis.com/oauth2/v3/token  
 <request body omitted>
[debug] [2020-05-26T09:22:59.094Z] Authentication Error: Your credentials are no longer valid. Please run firebase login --reauth

For CI servers and headless environments, generate a new token with firebase login:ci
[debug] [2020-05-26T09:22:59.111Z] FirebaseError: Authentication Error: Your credentials are no longer valid. Please run firebase login --reauth

For CI servers and headless environments, generate a new token with firebase login:ci
    at Object.<anonymous> (C:\Users\itzhr\AppData\Roaming\npm\node_modules\firebase-tools\lib\auth.js:23:32)
    at Module._compile (internal/modules/cjs/loader.js:1176:30)
    at Object.Module._extensions..js (internal/modules/cjs/loader.js:1196:10)
    at Module.load (internal/modules/cjs/loader.js:1040:32)
    at Function.Module._load (internal/modules/cjs/loader.js:929:14)
    at Module.require (internal/modules/cjs/loader.js:1080:19)
    at require (internal/modules/cjs/helpers.js:72:18)
    at Object.<anonymous> (C:\Users\itzhr\AppData\Roaming\npm\node_modules\firebase-tools\lib\commands\login.js:8:12)
    at Module._compile (internal/modules/cjs/loader.js:1176:30)
    at Object.Module._extensions..js (internal/modules/cjs/loader.js:1196:10)
    at Module.load (internal/modules/cjs/loader.js:1040:32)
    at Function.Module._load (internal/modules/cjs/loader.js:929:14)
    at Module.require (internal/modules/cjs/loader.js:1080:19)
    at require (internal/modules/cjs/helpers.js:72:18)
    at loadCommand (C:\Users\itzhr\AppData\Roaming\npm\node_modules\firebase-tools\lib\commands\index.js:5:19)
    at module.exports (C:\Users\itzhr\AppData\Roaming\npm\node_modules\firebase-tools\lib\commands\index.js:73:20)
[error] 
[error] Error: Failed to get Firebase project pizzaritik. Please make sure the project exists and your account has permission to access it.
